<?xml version="1.0" encoding="UTF-8"?>
<!-- Generated by org.testng.reporters.JUnitXMLReporter -->
<testsuite ignored="0" hostname="Piltu" failures="0" tests="7" name="Default test" time="14.085" errors="0" timestamp="2024-09-02T23:06:00 IST">
  <testcase classname="assignment.LoginPage" name="validCredentials" time="3.904"/>
  <testcase classname="assignment.LoginPage" name="invalidCredentials" time="1.064"/>
  <testcase classname="assignment.LoginPage" name="invalidEmailid" time="1.874"/>
  <testcase classname="assignment.LoginPage" name="invalidPassword" time="1.163"/>
  <testcase classname="assignment.LoginPage" name="emptyCredentials" time="0.875"/>
  <testcase classname="assignment.LoginPage" name="blankEmailid" time="1.42"/>
  <testcase classname="assignment.LoginPage" name="blankPassword" time="0.848"/>
</testsuite> <!-- Default test -->
