<?xml version="1.0" encoding="UTF-8"?>
<testng-results ignored="0" total="7" passed="7" failed="0" skipped="0">
  <reporter-output>
  </reporter-output>
  <suite started-at="2024-09-02T23:05:46 IST" name="Default suite" finished-at="2024-09-02T23:06:00 IST" duration-ms="14085">
    <groups>
    </groups>
    <test started-at="2024-09-02T23:05:46 IST" name="Default test" finished-at="2024-09-02T23:06:00 IST" duration-ms="14085">
      <class name="assignment.LoginPage">
        <test-method is-config="true" signature="valid()[pri:0, instance:assignment.LoginPage@13fd2ccd]" started-at="2024-09-02T23:05:46 IST" name="valid" finished-at="2024-09-02T23:05:48 IST" duration-ms="2867" status="PASS">
          <reporter-output>
          </reporter-output>
        </test-method> <!-- valid -->
        <test-method signature="validCredentials()[pri:1, instance:assignment.LoginPage@13fd2ccd]" started-at="2024-09-02T23:05:48 IST" name="validCredentials" finished-at="2024-09-02T23:05:52 IST" duration-ms="3904" status="PASS">
          <reporter-output>
          </reporter-output>
        </test-method> <!-- validCredentials -->
        <test-method signature="invalidCredentials()[pri:2, instance:assignment.LoginPage@13fd2ccd]" started-at="2024-09-02T23:05:52 IST" name="invalidCredentials" finished-at="2024-09-02T23:05:53 IST" duration-ms="1064" status="PASS">
          <reporter-output>
          </reporter-output>
        </test-method> <!-- invalidCredentials -->
        <test-method signature="invalidEmailid()[pri:3, instance:assignment.LoginPage@13fd2ccd]" started-at="2024-09-02T23:05:53 IST" name="invalidEmailid" finished-at="2024-09-02T23:05:55 IST" duration-ms="1874" status="PASS">
          <reporter-output>
          </reporter-output>
        </test-method> <!-- invalidEmailid -->
        <test-method signature="invalidPassword()[pri:4, instance:assignment.LoginPage@13fd2ccd]" started-at="2024-09-02T23:05:55 IST" name="invalidPassword" finished-at="2024-09-02T23:05:56 IST" duration-ms="1163" status="PASS">
          <reporter-output>
          </reporter-output>
        </test-method> <!-- invalidPassword -->
        <test-method signature="emptyCredentials()[pri:5, instance:assignment.LoginPage@13fd2ccd]" started-at="2024-09-02T23:05:56 IST" name="emptyCredentials" finished-at="2024-09-02T23:05:57 IST" duration-ms="875" status="PASS">
          <reporter-output>
          </reporter-output>
        </test-method> <!-- emptyCredentials -->
        <test-method signature="blankEmailid()[pri:6, instance:assignment.LoginPage@13fd2ccd]" started-at="2024-09-02T23:05:57 IST" name="blankEmailid" finished-at="2024-09-02T23:05:59 IST" duration-ms="1420" status="PASS">
          <reporter-output>
          </reporter-output>
        </test-method> <!-- blankEmailid -->
        <test-method signature="blankPassword()[pri:7, instance:assignment.LoginPage@13fd2ccd]" started-at="2024-09-02T23:05:59 IST" name="blankPassword" finished-at="2024-09-02T23:06:00 IST" duration-ms="848" status="PASS">
          <reporter-output>
          </reporter-output>
        </test-method> <!-- blankPassword -->
      </class> <!-- assignment.LoginPage -->
    </test> <!-- Default test -->
  </suite> <!-- Default suite -->
</testng-results>
